#
# A fatal error has been detected by the Java Runtime Environment:
#
#  EXCEPTION_ACCESS_VIOLATION (0xc0000005) at pc=0x71cb6cdb, pid=5724, tid=0x00002838
#
# JRE version: Java(TM) SE Runtime Environment (8.0_121-b13) (build 1.8.0_121-b13)
# Java VM: Java HotSpot(TM) Client VM (25.121-b13 mixed mode, sharing windows-x86 )
# Problematic frame:
# V  [jvm.dll+0xd6cdb]
#
# Failed to write core dump. Minidumps are not enabled by default on client versions of Windows
#
# If you would like to submit a bug report, please visit:
#   http://bugreport.java.com/bugreport/crash.jsp
#

---------------  T H R E A D  ---------------

Current thread (0x0264bc00):  JavaThread "main" [_thread_in_vm, id=10296, stack(0x00b70000,0x00bc0000)]

siginfo: ExceptionCode=0xc0000005, reading address 0x00000000

Registers:
EAX=0x00000000, EBX=0x0264bc00, ECX=0x00000000, EDX=0x00000007
ESP=0x00bbdf44, EBP=0x00bbdf60, ESI=0x0264bd40, EDI=0x0264bd40
EIP=0x71cb6cdb, EFLAGS=0x00010246

Top of Stack: (sp=0x00bbdf44)
0x00bbdf44:   0264bd40 1540c3b8 1540c3b8 0264bc00
0x00bbdf54:   00000000 1540c3b8 1540c3b8 00bbdfa8
0x00bbdf64:   6d6de997 0264bd40 00000000 6e696f70
0x00bbdf74:   00726574 00bbdfa8 6d6de967 00000007
0x00bbdf84:   0000000f 0074004a 6d8a9b44 00bbdfd8
0x00bbdf94:   6d6d51ef 00000001 0000000f 0264bc00
0x00bbdfa4:   0264bd40 00bbdff0 0266d3d3 0264bd40
0x00bbdfb4:   00bbe00c 18997dec 0264bc00 00000000 

Instructions: (pc=0x71cb6cdb)
0x71cb6cbb:   f3 ff 83 c4 08 83 7b 04 00 89 5d f0 c7 45 f4 00
0x71cb6ccb:   00 00 00 74 08 8d 4d f0 e8 58 11 0d 00 8b 45 0c
0x71cb6cdb:   8b 08 8b 51 04 8b 42 38 50 56 e8 d6 4c 08 00 83
0x71cb6ceb:   c4 08 83 7d f4 00 89 45 08 74 08 8d 4d f0 e8 72 


Register to memory mapping:

EAX=0x00000000 is an unknown value
EBX=0x0264bc00 is a thread
ECX=0x00000000 is an unknown value
EDX=0x00000007 is an unknown value
ESP=0x00bbdf44 is pointing into the stack for thread: 0x0264bc00
EBP=0x00bbdf60 is pointing into the stack for thread: 0x0264bc00
ESI=0x0264bd40 is an unknown value
EDI=0x0264bd40 is an unknown value


Stack: [0x00b70000,0x00bc0000],  sp=0x00bbdf44,  free space=311k
Native frames: (J=compiled Java code, j=interpreted, Vv=VM code, C=native code)
V  [jvm.dll+0xd6cdb]
C  [bwapi_bridge2_5.dll+0x3e997]
j  bwapi.Unit.canTrain_native(JLbwapi/UnitType;)Z+0
J 77 C1 TestBot1$Orders.workWithOrders()V (355 bytes) @ 0x0271cdcc [0x0271cba0+0x22c]
J 71 C1 TestBot1.onFrame()V (944 bytes) @ 0x02718ebc [0x02718000+0xebc]
J 97 C1 bwapi.AIModule.onFrame()V (17 bytes) @ 0x027223c4 [0x02722390+0x34]
v  ~StubRoutines::call_stub
V  [jvm.dll+0x15aa85]
V  [jvm.dll+0x220d7e]
V  [jvm.dll+0x15ab1e]
V  [jvm.dll+0xdcc7b]
V  [jvm.dll+0xdfc0c]
C  [bwapi_bridge2_5.dll+0x1b20d]
C  [bwapi_bridge2_5.dll+0x75101]
j  bwapi.Mirror.startGame()V+0
j  TestBot1.run()V+15
j  TestBot1.main([Ljava/lang/String;)V+7
v  ~StubRoutines::call_stub
V  [jvm.dll+0x15aa85]
V  [jvm.dll+0x220d7e]
V  [jvm.dll+0x15ab1e]
V  [jvm.dll+0xdca47]
V  [jvm.dll+0xe4fdf]
C  [javaw.exe+0x22ab]
C  [javaw.exe+0xaebf]
C  [javaw.exe+0xaf49]
C  [KERNEL32.DLL+0x162c4]
C  [ntdll.dll+0x60fd9]
C  [ntdll.dll+0x60fa4]
C  0x00000000

Java frames: (J=compiled Java code, j=interpreted, Vv=VM code)
j  bwapi.Unit.canTrain_native(JLbwapi/UnitType;)Z+0
J 77 C1 TestBot1$Orders.workWithOrders()V (355 bytes) @ 0x0271cdcc [0x0271cba0+0x22c]
J 71 C1 TestBot1.onFrame()V (944 bytes) @ 0x02718ebc [0x02718000+0xebc]
J 97 C1 bwapi.AIModule.onFrame()V (17 bytes) @ 0x027223c4 [0x02722390+0x34]
v  ~StubRoutines::call_stub
j  bwapi.Mirror.startGame()V+0
j  TestBot1.run()V+15
j  TestBot1.main([Ljava/lang/String;)V+7
v  ~StubRoutines::call_stub

---------------  P R O C E S S  ---------------

Java Threads: ( => current thread )
  0x00e38c00 JavaThread "Service Thread" daemon [_thread_blocked, id=10064, stack(0x14aa0000,0x14af0000)]
  0x00e0f800 JavaThread "C1 CompilerThread0" daemon [_thread_blocked, id=4260, stack(0x14a10000,0x14a60000)]
  0x00e0e400 JavaThread "Attach Listener" daemon [_thread_blocked, id=1224, stack(0x14980000,0x149d0000)]
  0x00e0c400 JavaThread "Signal Dispatcher" daemon [_thread_blocked, id=3008, stack(0x148f0000,0x14940000)]
  0x00e03400 JavaThread "Finalizer" daemon [_thread_blocked, id=9300, stack(0x04740000,0x04790000)]
  0x00da6800 JavaThread "Reference Handler" daemon [_thread_blocked, id=2308, stack(0x046b0000,0x04700000)]
=>0x0264bc00 JavaThread "main" [_thread_in_vm, id=10296, stack(0x00b70000,0x00bc0000)]

Other Threads:
  0x00da2c00 VMThread [stack: 0x04660000,0x046b0000] [id=11528]
  0x00e4c800 WatcherThread [stack: 0x14b30000,0x14b80000] [id=6024]

VM state:not at safepoint (normal execution)

VM Mutex/Monitor currently owned by a thread: None

Heap:
 def new generation   total 4928K, used 2828K [0x04800000, 0x04d50000, 0x09d50000)
  eden space 4416K,  64% used [0x04800000, 0x04ac2958, 0x04c50000)
  from space 512K,   0% used [0x04c50000, 0x04c50828, 0x04cd0000)
  to   space 512K,   0% used [0x04cd0000, 0x04cd0000, 0x04d50000)
 tenured generation   total 10944K, used 384K [0x09d50000, 0x0a800000, 0x14800000)
   the space 10944K,   3% used [0x09d50000, 0x09db03f0, 0x09db0400, 0x0a800000)
 Metaspace       used 426K, capacity 2626K, committed 2752K, reserved 4480K

Card table byte_map: [0x02530000,0x025c0000] byte_map_base: 0x0250c000

Polling page: 0x009e0000

CodeCache: size=32768Kb used=819Kb max_used=819Kb free=31948Kb
 bounds [0x02660000, 0x02730000, 0x04660000]
 total_blobs=272 nmethods=126 adapters=77
 compilation: enabled

Compilation events (10 events):
Event: 32.400 Thread 0x00e0f800  118             java.lang.Math::abs (11 bytes)
Event: 32.400 Thread 0x00e0f800 nmethod 118 0x02729e08 code [0x02729f00, 0x02729f80]
Event: 32.403 Thread 0x00e0f800  119             bwapi.TilePosition::getY (5 bytes)
Event: 32.403 Thread 0x00e0f800 nmethod 119 0x02729fc8 code [0x0272a0c0, 0x0272a140]
Event: 32.403 Thread 0x00e0f800  120             bwapi.TilePosition::getX (5 bytes)
Event: 32.403 Thread 0x00e0f800 nmethod 120 0x0272a188 code [0x0272a280, 0x0272a300]
Event: 44.274 Thread 0x00e0f800  123             TestBot1::getBuildTile (432 bytes)
Event: 44.276 Thread 0x00e0f800 nmethod 123 0x0272a888 code [0x0272ab40, 0x0272b4f0]
Event: 47.383 Thread 0x00e0f800  125             TestBot1$Orders::allSumMinerals (51 bytes)
Event: 47.383 Thread 0x00e0f800 nmethod 125 0x0272c708 code [0x0272c820, 0x0272c958]

GC Heap History (8 events):
Event: 20.992 GC heap before
{Heap before GC invocations=0 (full 0):
 def new generation   total 4928K, used 4416K [0x04800000, 0x04d50000, 0x09d50000)
  eden space 4416K, 100% used [0x04800000, 0x04c50000, 0x04c50000)
  from space 512K,   0% used [0x04c50000, 0x04c50000, 0x04cd0000)
  to   space 512K,   0% used [0x04cd0000, 0x04cd0000, 0x04d50000)
 tenured generation   total 10944K, used 0K [0x09d50000, 0x0a800000, 0x14800000)
   the space 10944K,   0% used [0x09d50000, 0x09d50000, 0x09d50200, 0x0a800000)
 Metaspace       used 425K, capacity 2626K, committed 2752K, reserved 4480K
Event: 20.994 GC heap after
Heap after GC invocations=1 (full 0):
 def new generation   total 4928K, used 511K [0x04800000, 0x04d50000, 0x09d50000)
  eden space 4416K,   0% used [0x04800000, 0x04800000, 0x04c50000)
  from space 512K,  99% used [0x04cd0000, 0x04d4fff0, 0x04d50000)
  to   space 512K,   0% used [0x04c50000, 0x04c50000, 0x04cd0000)
 tenured generation   total 10944K, used 34K [0x09d50000, 0x0a800000, 0x14800000)
   the space 10944K,   0% used [0x09d50000, 0x09d58a08, 0x09d58c00, 0x0a800000)
 Metaspace       used 425K, capacity 2626K, committed 2752K, reserved 4480K
}
Event: 38.479 GC heap before
{Heap before GC invocations=1 (full 0):
 def new generation   total 4928K, used 4927K [0x04800000, 0x04d50000, 0x09d50000)
  eden space 4416K, 100% used [0x04800000, 0x04c50000, 0x04c50000)
  from space 512K,  99% used [0x04cd0000, 0x04d4fff0, 0x04d50000)
  to   space 512K,   0% used [0x04c50000, 0x04c50000, 0x04cd0000)
 tenured generation   total 10944K, used 34K [0x09d50000, 0x0a800000, 0x14800000)
   the space 10944K,   0% used [0x09d50000, 0x09d58a08, 0x09d58c00, 0x0a800000)
 Metaspace       used 426K, capacity 2626K, committed 2752K, reserved 4480K
Event: 38.480 GC heap after
Heap after GC invocations=2 (full 0):
 def new generation   total 4928K, used 0K [0x04800000, 0x04d50000, 0x09d50000)
  eden space 4416K,   0% used [0x04800000, 0x04800000, 0x04c50000)
  from space 512K,   0% used [0x04c50000, 0x04c503b8, 0x04cd0000)
  to   space 512K,   0% used [0x04cd0000, 0x04cd0000, 0x04d50000)
 tenured generation   total 10944K, used 384K [0x09d50000, 0x0a800000, 0x14800000)
   the space 10944K,   3% used [0x09d50000, 0x09db03f0, 0x09db0400, 0x0a800000)
 Metaspace       used 426K, capacity 2626K, committed 2752K, reserved 4480K
}
Event: 50.446 GC heap before
{Heap before GC invocations=2 (full 0):
 def new generation   total 4928K, used 4416K [0x04800000, 0x04d50000, 0x09d50000)
  eden space 4416K, 100% used [0x04800000, 0x04c50000, 0x04c50000)
  from space 512K,   0% used [0x04c50000, 0x04c503b8, 0x04cd0000)
  to   space 512K,   0% used [0x04cd0000, 0x04cd0000, 0x04d50000)
 tenured generation   total 10944K, used 384K [0x09d50000, 0x0a800000, 0x14800000)
   the space 10944K,   3% used [0x09d50000, 0x09db03f0, 0x09db0400, 0x0a800000)
 Metaspace       used 426K, capacity 2626K, committed 2752K, reserved 4480K
Event: 50.446 GC heap after
Heap after GC invocations=3 (full 0):
 def new generation   total 4928K, used 1K [0x04800000, 0x04d50000, 0x09d50000)
  eden space 4416K,   0% used [0x04800000, 0x04800000, 0x04c50000)
  from space 512K,   0% used [0x04cd0000, 0x04cd0718, 0x04d50000)
  to   space 512K,   0% used [0x04c50000, 0x04c50000, 0x04cd0000)
 tenured generation   total 10944K, used 384K [0x09d50000, 0x0a800000, 0x14800000)
   the space 10944K,   3% used [0x09d50000, 0x09db03f0, 0x09db0400, 0x0a800000)
 Metaspace       used 426K, capacity 2626K, committed 2752K, reserved 4480K
}
Event: 61.242 GC heap before
{Heap before GC invocations=3 (full 0):
 def new generation   total 4928K, used 4417K [0x04800000, 0x04d50000, 0x09d50000)
  eden space 4416K, 100% used [0x04800000, 0x04c50000, 0x04c50000)
  from space 512K,   0% used [0x04cd0000, 0x04cd0718, 0x04d50000)
  to   space 512K,   0% used [0x04c50000, 0x04c50000, 0x04cd0000)
 tenured generation   total 10944K, used 384K [0x09d50000, 0x0a800000, 0x14800000)
   the space 10944K,   3% used [0x09d50000, 0x09db03f0, 0x09db0400, 0x0a800000)
 Metaspace       used 426K, capacity 2626K, committed 2752K, reserved 4480K
Event: 61.242 GC heap after
Heap after GC invocations=4 (full 0):
 def new generation   total 4928K, used 2K [0x04800000, 0x04d50000, 0x09d50000)
  eden space 4416K,   0% used [0x04800000, 0x04800000, 0x04c50000)
  from space 512K,   0% used [0x04c50000, 0x04c50828, 0x04cd0000)
  to   space 512K,   0% used [0x04cd0000, 0x04cd0000, 0x04d50000)
 tenured generation   total 10944K, used 384K [0x09d50000, 0x0a800000, 0x14800000)
   the space 10944K,   3% used [0x09d50000, 0x09db03f0, 0x09db0400, 0x0a800000)
 Metaspace       used 426K, capacity 2626K, committed 2752K, reserved 4480K
}

Deoptimization events (0 events):
No events

Internal exceptions (2 events):
Event: 0.020 Thread 0x0264bc00 Exception <a 'java/lang/NoSuchMethodError': Method sun.misc.Unsafe.defineClass(Ljava/lang/String;[BII)Ljava/lang/Class; name or signature does not match> (0x048079c0) thrown at [C:\workspace\8-2-build-windows-i586-cygwin\jdk8u121\8372\hotspot\src\share\vm
Event: 0.020 Thread 0x0264bc00 Exception <a 'java/lang/NoSuchMethodError': Method sun.misc.Unsafe.prefetchRead(Ljava/lang/Object;J)V name or signature does not match> (0x04807c90) thrown at [C:\workspace\8-2-build-windows-i586-cygwin\jdk8u121\8372\hotspot\src\share\vm\prims\jni.cpp, li

Events (10 events):
Event: 20.994 Executing VM operation: RevokeBias
Event: 20.994 Executing VM operation: RevokeBias done
Event: 20.994 Executing VM operation: RevokeBias
Event: 20.994 Executing VM operation: RevokeBias done
Event: 38.479 Executing VM operation: GenCollectForAllocation
Event: 38.480 Executing VM operation: GenCollectForAllocation done
Event: 50.445 Executing VM operation: GenCollectForAllocation
Event: 50.446 Executing VM operation: GenCollectForAllocation done
Event: 61.242 Executing VM operation: GenCollectForAllocation
Event: 61.242 Executing VM operation: GenCollectForAllocation done


Dynamic libraries:
0x00ee0000 - 0x00f13000 	C:\Program Files (x86)\Java\jre1.8.0_121\bin\javaw.exe
0x772d0000 - 0x77453000 	C:\WINDOWS\SYSTEM32\ntdll.dll
0x75c50000 - 0x75d30000 	C:\WINDOWS\System32\KERNEL32.DLL
0x769e0000 - 0x76b81000 	C:\WINDOWS\System32\KERNELBASE.dll
0x75a80000 - 0x75af7000 	C:\WINDOWS\System32\ADVAPI32.dll
0x73f50000 - 0x7400e000 	C:\WINDOWS\System32\msvcrt.dll
0x74640000 - 0x74681000 	C:\WINDOWS\System32\sechost.dll
0x76220000 - 0x762e1000 	C:\WINDOWS\System32\RPCRT4.dll
0x73d90000 - 0x73dae000 	C:\WINDOWS\System32\SspiCli.dll
0x73d80000 - 0x73d8a000 	C:\WINDOWS\System32\CRYPTBASE.dll
0x762f0000 - 0x7634a000 	C:\WINDOWS\System32\bcryptPrimitives.dll
0x744e0000 - 0x7463f000 	C:\WINDOWS\System32\USER32.dll
0x744c0000 - 0x744d5000 	C:\WINDOWS\System32\win32u.dll
0x76140000 - 0x7616b000 	C:\WINDOWS\System32\GDI32.dll
0x764d0000 - 0x7662b000 	C:\WINDOWS\System32\gdi32full.dll
0x73870000 - 0x73a7a000 	C:\WINDOWS\WinSxS\x86_microsoft.windows.common-controls_6595b64144ccf1df_6.0.14393.953_none_89c2555adb023171\COMCTL32.dll
0x76710000 - 0x76921000 	C:\WINDOWS\System32\combase.dll
0x76630000 - 0x76710000 	C:\WINDOWS\System32\ucrtbase.dll
0x73f20000 - 0x73f45000 	C:\WINDOWS\System32\IMM32.DLL
0x6d930000 - 0x6d9ef000 	C:\Program Files (x86)\Java\jre1.8.0_121\bin\msvcr100.dll
0x71be0000 - 0x71fae000 	C:\Program Files (x86)\Java\jre1.8.0_121\bin\client\jvm.dll
0x75a70000 - 0x75a76000 	C:\WINDOWS\System32\PSAPI.DLL
0x731a0000 - 0x731c4000 	C:\WINDOWS\SYSTEM32\WINMM.dll
0x73cc0000 - 0x73cc8000 	C:\WINDOWS\SYSTEM32\WSOCK32.dll
0x73c80000 - 0x73c88000 	C:\WINDOWS\SYSTEM32\VERSION.dll
0x73eb0000 - 0x73f13000 	C:\WINDOWS\System32\WS2_32.dll
0x009b0000 - 0x009d3000 	C:\WINDOWS\SYSTEM32\WINMMBASE.dll
0x769a0000 - 0x769d6000 	C:\WINDOWS\System32\cfgmgr32.dll
0x732f0000 - 0x732fc000 	C:\Program Files (x86)\Java\jre1.8.0_121\bin\verify.dll
0x732c0000 - 0x732e1000 	C:\Program Files (x86)\Java\jre1.8.0_121\bin\java.dll
0x732a0000 - 0x732b3000 	C:\Program Files (x86)\Java\jre1.8.0_121\bin\zip.dll
0x74690000 - 0x75a68000 	C:\WINDOWS\System32\SHELL32.dll
0x76b90000 - 0x770fe000 	C:\WINDOWS\System32\windows.storage.dll
0x75bf0000 - 0x75c35000 	C:\WINDOWS\System32\powrprof.dll
0x76930000 - 0x76976000 	C:\WINDOWS\System32\shlwapi.dll
0x73db0000 - 0x73dbd000 	C:\WINDOWS\System32\kernel.appcore.dll
0x74010000 - 0x74098000 	C:\WINDOWS\System32\shcore.dll
0x77180000 - 0x7718f000 	C:\WINDOWS\System32\profapi.dll
0x6d6a0000 - 0x6d926000 	C:\MyFiles\Studies\6 sem\Kursach\ProtossBot\bwapi_bridge2_5.dll
0x6d5b0000 - 0x6d69e000 	C:\Program Files (x86)\Java\jre1.8.0_121\bin\MSVCR120.dll
0x6d530000 - 0x6d5a1000 	C:\Program Files (x86)\Java\jre1.8.0_121\bin\MSVCP120.dll
0x6acc0000 - 0x6ad27000 	C:\MyFiles\Studies\6 sem\Kursach\ProtossBot\libgmp-10.dll
0x6f540000 - 0x6f59e000 	C:\MyFiles\Studies\6 sem\Kursach\ProtossBot\libmpfr-4.dll
0x72fc0000 - 0x73105000 	C:\WINDOWS\SYSTEM32\dbghelp.dll

VM Arguments:
jvm_args: -Dfile.encoding=Cp1251 
java_command: TestBot1
java_class_path (initial): C:\MyFiles\Studies\6 sem\Kursach\ProtossBot\bin;C:\MyFiles\Studies\6 sem\Kursach\ProtossBot\lib\bwmirror_v2_5.jar
Launcher Type: SUN_STANDARD

Environment Variables:
PATH=C:/Program Files (x86)/Java/jre1.8.0_121/bin/client;C:/Program Files (x86)/Java/jre1.8.0_121/bin;C:/Program Files (x86)/Java/jre1.8.0_121/lib/i386;C:\ProgramData\Oracle\Java\javapath;C:\Program Files\Java\jdk1.8.0_101\bin;C:\Anaconda\conda;C:\Anaconda3;C:\Anaconda3\Scripts;C:\Anaconda3\Library\bin;C:\Program Files\nodejs\;C:\Program Files\Git\cmd;C:\Program Files (x86)\Skype\Phone\;C:\Users\Alex\AppData\Local\Microsoft\WindowsApps;C:\Users\Alex\AppData\Roaming\npm;C:\Users\Alex\Desktop\eclipse;
USERNAME=Alex
OS=Windows_NT
PROCESSOR_IDENTIFIER=Intel64 Family 6 Model 60 Stepping 3, GenuineIntel



---------------  S Y S T E M  ---------------

OS: Windows 10.0 , 64 bit Build 14393 (10.0.14393.0)

CPU:total 8 (4 cores per cpu, 2 threads per core) family 6 model 60 stepping 3, cmov, cx8, fxsr, mmx, sse, sse2, sse3, ssse3, sse4.1, sse4.2, popcnt, avx, avx2, aes, clmul, erms, lzcnt, ht, tsc, tscinvbit, bmi1, bmi2

Memory: 4k page, physical 12492764k(7031740k free), swap 14393308k(7942920k free)

vm_info: Java HotSpot(TM) Client VM (25.121-b13) for windows-x86 JRE (1.8.0_121-b13), built on Dec 12 2016 18:17:00 by "java_re" with MS VC++ 10.0 (VS2010)

time: Thu Apr 27 11:26:21 2017
elapsed time: 67 seconds (0d 0h 1m 7s)

